0 info it worked if it ends with ok
1 verbose cli [ '/usr/bin/node', '/usr/bin/npm', 'start' ]
2 info using npm@3.5.2
3 info using node@v8.10.0
4 verbose run-script [ 'prestart', 'start', 'poststart' ]
5 info lifecycle crud@0.1.0~prestart: crud@0.1.0
6 silly lifecycle crud@0.1.0~prestart: no script for prestart, continuing
7 info lifecycle crud@0.1.0~start: crud@0.1.0
8 verbose lifecycle crud@0.1.0~start: unsafe-perm in lifecycle true
9 verbose lifecycle crud@0.1.0~start: PATH: /usr/share/npm/bin/node-gyp-bin:/home/ethansam911/code/crudProject/node_modules/.bin:/usr/local/sbin:/usr/local/bin:/usr/sbin:/usr/bin:/sbin:/bin:/usr/games:/usr/local/games:/mnt/c/Python27/:/mnt/c/Python27/Scripts:/mnt/c/WINDOWS/system32:/mnt/c/WINDOWS:/mnt/c/WINDOWS/System32/Wbem:/mnt/c/WINDOWS/System32/WindowsPowerShell/v1.0/:/mnt/c/WINDOWS/System32/OpenSSH/:/mnt/c/Program Files/dotnet/:/mnt/c/Program Files/PuTTY/:/mnt/c/Program Files/Git/cmd:/mnt/c/Program Files/Microsoft SQL Server/130/Tools/Binn/:/mnt/c/Program Files/Microsoft SQL Server/Client SDK/ODBC/170/Tools/Binn/:/mnt/c/Android:/mnt/c/Windows/System32:/mnt/e/Program Files/nodejs/:/mnt/c/ProgramData/chocolatey/bin:/mnt/c/Users/esam5/AppData/Local/Microsoft/WindowsApps:/mnt/e/VisualStudioCode/Microsoft VS Code/bin:/mnt/c/Program Files/JetBrains/PyCharm Community Edition 2019.2.1/bin:/mnt/c/Users/esam5/AppData/Local/Microsoft/WindowsApps:/mnt/e/heroku/bin:/mnt/c/Users/esam5/AppData/Roaming/npm:/snap/bin
10 verbose lifecycle crud@0.1.0~start: CWD: /home/ethansam911/code/crudProject
11 silly lifecycle crud@0.1.0~start: Args: [ '-c', 'react-scripts start' ]
12 info lifecycle crud@0.1.0~start: Failed to exec start script
13 verbose stack Error: crud@0.1.0 start: `react-scripts start`
13 verbose stack spawn ENOENT
13 verbose stack     at ChildProcess.<anonymous> (/usr/share/npm/lib/utils/spawn.js:17:16)
13 verbose stack     at emitTwo (events.js:126:13)
13 verbose stack     at ChildProcess.emit (events.js:214:7)
13 verbose stack     at maybeClose (internal/child_process.js:925:16)
13 verbose stack     at Process.ChildProcess._handle.onexit (internal/child_process.js:209:5)
14 verbose pkgid crud@0.1.0
15 verbose cwd /home/ethansam911/code/crudProject/src
16 error Linux 4.4.0-18362-Microsoft
17 error argv "/usr/bin/node" "/usr/bin/npm" "start"
18 error node v8.10.0
19 error npm  v3.5.2
20 error file sh
21 error code ELIFECYCLE
22 error errno ENOENT
23 error syscall spawn
24 error crud@0.1.0 start: `react-scripts start`
24 error spawn ENOENT
25 error Failed at the crud@0.1.0 start script 'react-scripts start'.
25 error Make sure you have the latest version of node.js and npm installed.
25 error If you do, this is most likely a problem with the crud package,
25 error not with npm itself.
25 error Tell the author that this fails on your system:
25 error     react-scripts start
25 error You can get information on how to open an issue for this project with:
25 error     npm bugs crud
25 error Or if that isn't available, you can get their info via:
25 error     npm owner ls crud
25 error There is likely additional logging output above.
26 verbose exit [ 1, true ]
